2022-07-25 10:31:40,558 - Velocimacro : allowInlineToOverride = false : VMs defined inline may NOT replace previous VM definitions
2022-07-25 10:31:40,558 - Velocimacro : allowInlineLocal = false : VMs defined inline will be global in scope if allowed.
2022-07-25 10:31:40,558 - Velocimacro : autoload off : VM system will not automatically reload global library macros
2022-07-25 10:31:40,561 - ResourceManager : found service.vm with loader org.apache.velocity.runtime.resource.loader.FileResourceLoader
2022-07-25 10:31:40,571 - Log4JLogChute initialized using file 'velocity.log'
2022-07-25 10:31:40,571 - Initializing Velocity, Calling init()...
2022-07-25 10:31:40,571 - Starting Apache Velocity v1.7 (compiled: 2010-11-19 12:14:37)
2022-07-25 10:31:40,571 - Default Properties File: org/apache/velocity/runtime/defaults/velocity.properties
2022-07-25 10:31:40,571 - Trying to use logger class org.apache.velocity.runtime.log.AvalonLogChute
2022-07-25 10:31:40,571 - Target log system for org.apache.velocity.runtime.log.AvalonLogChute is not available (java.lang.NoClassDefFoundError: org/apache/log/format/Formatter).  Falling back to next log system...
2022-07-25 10:31:40,571 - Trying to use logger class org.apache.velocity.runtime.log.Log4JLogChute
2022-07-25 10:31:40,571 - Using logger class org.apache.velocity.runtime.log.Log4JLogChute
2022-07-25 10:31:40,572 - ResourceLoader instantiated: org.apache.velocity.runtime.resource.loader.FileResourceLoader
2022-07-25 10:31:40,572 - Do unicode file recognition:  false
2022-07-25 10:31:40,574 - FileResourceLoader : adding path '/Users/miaojiagang/IdeaProjects/fastautocode/target/classes/template'
2022-07-25 10:31:40,574 - ResourceCache: initialized (class org.apache.velocity.runtime.resource.ResourceCacheImpl) with class java.util.Collections$SynchronizedMap cache map.
2022-07-25 10:31:40,574 - Loaded System Directive: org.apache.velocity.runtime.directive.Stop
2022-07-25 10:31:40,574 - Loaded System Directive: org.apache.velocity.runtime.directive.Define
2022-07-25 10:31:40,574 - Loaded System Directive: org.apache.velocity.runtime.directive.Break
2022-07-25 10:31:40,574 - Loaded System Directive: org.apache.velocity.runtime.directive.Evaluate
2022-07-25 10:31:40,574 - Loaded System Directive: org.apache.velocity.runtime.directive.Literal
2022-07-25 10:31:40,575 - Loaded System Directive: org.apache.velocity.runtime.directive.Macro
2022-07-25 10:31:40,575 - Loaded System Directive: org.apache.velocity.runtime.directive.Parse
2022-07-25 10:31:40,575 - Loaded System Directive: org.apache.velocity.runtime.directive.Include
2022-07-25 10:31:40,575 - Loaded System Directive: org.apache.velocity.runtime.directive.Foreach
2022-07-25 10:31:40,576 - Created '20' parsers.
2022-07-25 10:31:40,576 - Velocimacro : "velocimacro.library" is not set.  Trying default library: VM_global_library.vm
2022-07-25 10:31:40,576 - Velocimacro : Default library not found.
2022-07-25 10:31:40,576 - Velocimacro : allowInline = true : VMs can be defined inline in templates
2022-07-25 10:31:40,576 - Velocimacro : allowInlineToOverride = false : VMs defined inline may NOT replace previous VM definitions
2022-07-25 10:31:40,577 - Velocimacro : allowInlineLocal = false : VMs defined inline will be global in scope if allowed.
2022-07-25 10:31:40,582 - Velocimacro : autoload off : VM system will not automatically reload global library macros
2022-07-25 10:31:40,591 - ResourceManager : found actionController.vm with loader org.apache.velocity.runtime.resource.loader.FileResourceLoader
d off : VM system will not automatically reload global library macros
2022-07-25 10:31:40,591 - ResourceManager : found actionController.vm with loader org.apache.velocity.runtime.resource.loader.FileResourceLoader
2022-08-09 23:19:54,082 - Log4JLogChute initialized using file 'velocity.log'
2022-08-09 23:19:54,082 - Initializing Velocity, Calling init()...
2022-08-09 23:19:54,082 - Starting Apache Velocity v1.7 (compiled: 2010-11-19 12:14:37)
2022-08-09 23:19:54,082 - Default Properties File: org/apache/velocity/runtime/defaults/velocity.properties
2022-08-09 23:19:54,082 - Trying to use logger class org.apache.velocity.runtime.log.AvalonLogChute
2022-08-09 23:19:54,082 - Target log system for org.apache.velocity.runtime.log.AvalonLogChute is not available (java.lang.NoClassDefFoundError: org/apache/log/format/Formatter).  Falling back to next log system...
2022-08-09 23:19:54,082 - Trying to use logger class org.apache.velocity.runtime.log.Log4JLogChute
2022-08-09 23:19:54,082 - Using logger class org.apache.velocity.runtime.log.Log4JLogChute
2022-08-09 23:19:54,085 - ResourceLoader instantiated: org.apache.velocity.runtime.resource.loader.ClasspathResourceLoader
2022-08-09 23:19:54,090 - ResourceCache: initialized (class org.apache.velocity.runtime.resource.ResourceCacheImpl) with class java.util.Collections$SynchronizedMap cache map.
2022-08-09 23:19:54,094 - Loaded System Directive: org.apache.velocity.runtime.directive.Stop
2022-08-09 23:19:54,095 - Loaded System Directive: org.apache.velocity.runtime.directive.Define
2022-08-09 23:19:54,095 - Loaded System Directive: org.apache.velocity.runtime.directive.Break
2022-08-09 23:19:54,096 - Loaded System Directive: org.apache.velocity.runtime.directive.Evaluate
2022-08-09 23:19:54,096 - Loaded System Directive: org.apache.velocity.runtime.directive.Literal
2022-08-09 23:19:54,097 - Loaded System Directive: org.apache.velocity.runtime.directive.Macro
2022-08-09 23:19:54,097 - Loaded System Directive: org.apache.velocity.runtime.directive.Parse
2022-08-09 23:19:54,098 - Loaded System Directive: org.apache.velocity.runtime.directive.Include
2022-08-09 23:19:54,098 - Loaded System Directive: org.apache.velocity.runtime.directive.Foreach
2022-08-09 23:19:54,117 - Created '20' parsers.
2022-08-09 23:19:54,120 - Velocimacro : "velocimacro.library" is not set.  Trying default library: VM_global_library.vm
2022-08-09 23:19:54,120 - Could not load resource 'VM_global_library.vm' from ResourceLoader org.apache.velocity.runtime.resource.loader.ClasspathResourceLoader: ClasspathResourceLoader Error: cannot find resource VM_global_library.vm
2022-08-09 23:19:54,120 - Velocimacro : Default library not found.
2022-08-09 23:19:54,120 - Velocimacro : allowInline = true : VMs can be defined inline in templates
2022-08-09 23:19:54,120 - Velocimacro : allowInlineToOverride = false : VMs defined inline may NOT replace previous VM definitions
2022-08-09 23:19:54,120 - Velocimacro : allowInlineLocal = false : VMs defined inline will be global in scope if allowed.
2022-08-09 23:19:54,120 - Velocimacro : autoload off : VM system will not automatically reload global library macros
2022-08-09 23:19:54,129 - Log4JLogChute initialized using file 'velocity.log'
2022-08-09 23:19:54,129 - Log4JLogChute initialized using file 'velocity.log'
2022-08-09 23:19:54,129 - Initializing Velocity, Calling init()...
2022-08-09 23:19:54,129 - Initializing Velocity, Calling init()...
2022-08-09 23:19:54,129 - Starting Apache Velocity v1.7 (compiled: 2010-11-19 12:14:37)
2022-08-09 23:19:54,129 - Starting Apache Velocity v1.7 (compiled: 2010-11-19 12:14:37)
2022-08-09 23:19:54,129 - Default Properties File: org/apache/velocity/runtime/defaults/velocity.properties
2022-08-09 23:19:54,129 - Default Properties File: org/apache/velocity/runtime/defaults/velocity.properties
2022-08-09 23:19:54,129 - Trying to use logger class org.apache.velocity.runtime.log.AvalonLogChute
2022-08-09 23:19:54,129 - Trying to use logger class org.apache.velocity.runtime.log.AvalonLogChute
2022-08-09 23:19:54,129 - Target log system for org.apache.velocity.runtime.log.AvalonLogChute is not available (java.lang.NoClassDefFoundError: org/apache/log/format/Formatter).  Falling back to next log system...
2022-08-09 23:19:54,129 - Target log system for org.apache.velocity.runtime.log.AvalonLogChute is not available (java.lang.NoClassDefFoundError: org/apache/log/format/Formatter).  Falling back to next log system...
2022-08-09 23:19:54,129 - Trying to use logger class org.apache.velocity.runtime.log.Log4JLogChute
2022-08-09 23:19:54,129 - Trying to use logger class org.apache.velocity.runtime.log.Log4JLogChute
2022-08-09 23:19:54,129 - Using logger class org.apache.velocity.runtime.log.Log4JLogChute
2022-08-09 23:19:54,129 - Using logger class org.apache.velocity.runtime.log.Log4JLogChute
2022-08-09 23:19:54,132 - ResourceLoader instantiated: org.apache.velocity.runtime.resource.loader.FileResourceLoader
2022-08-09 23:19:54,132 - ResourceLoader instantiated: org.apache.velocity.runtime.resource.loader.FileResourceLoader
2022-08-09 23:19:54,132 - Do unicode file recognition:  false
2022-08-09 23:19:54,132 - Do unicode file recognition:  false
2022-08-09 23:19:54,132 - FileResourceLoader : adding path '/Users/miaojiagang/IdeaProjects/fastautocode/target/classes/template'
2022-08-09 23:19:54,132 - FileResourceLoader : adding path '/Users/miaojiagang/IdeaProjects/fastautocode/target/classes/template'
2022-08-09 23:19:54,133 - ResourceCache: initialized (class org.apache.velocity.runtime.resource.ResourceCacheImpl) with class java.util.Collections$SynchronizedMap cache map.
2022-08-09 23:19:54,133 - ResourceCache: initialized (class org.apache.velocity.runtime.resource.ResourceCacheImpl) with class java.util.Collections$SynchronizedMap cache map.
2022-08-09 23:19:54,134 - Loaded System Directive: org.apache.velocity.runtime.directive.Stop
2022-08-09 23:19:54,134 - Loaded System Directive: org.apache.velocity.runtime.directive.Stop
2022-08-09 23:19:54,134 - Loaded System Directive: org.apache.velocity.runtime.directive.Define
2022-08-09 23:19:54,134 - Loaded System Directive: org.apache.velocity.runtime.directive.Define
2022-08-09 23:19:54,134 - Loaded System Directive: org.apache.velocity.runtime.directive.Break
2022-08-09 23:19:54,134 - Loaded System Directive: org.apache.velocity.runtime.directive.Break
2022-08-09 23:19:54,134 - Loaded System Directive: org.apache.velocity.runtime.directive.Evaluate
2022-08-09 23:19:54,134 - Loaded System Directive: org.apache.velocity.runtime.directive.Evaluate
2022-08-09 23:19:54,134 - Loaded System Directive: org.apache.velocity.runtime.directive.Literal
2022-08-09 23:19:54,134 - Loaded System Directive: org.apache.velocity.runtime.directive.Literal
2022-08-09 23:19:54,134 - Loaded System Directive: org.apache.velocity.runtime.directive.Macro
2022-08-09 23:19:54,134 - Loaded System Directive: org.apache.velocity.runtime.directive.Macro
2022-08-09 23:19:54,134 - Loaded System Directive: org.apache.velocity.runtime.directive.Parse
2022-08-09 23:19:54,134 - Loaded System Directive: org.apache.velocity.runtime.directive.Parse
2022-08-09 23:19:54,134 - Loaded System Directive: org.apache.velocity.runtime.directive.Include
2022-08-09 23:19:54,134 - Loaded System Directive: org.apache.velocity.runtime.directive.Include
2022-08-09 23:19:54,134 - Loaded System Directive: org.apache.velocity.runtime.directive.Foreach
2022-08-09 23:19:54,134 - Loaded System Directive: org.apache.velocity.runtime.directive.Foreach
2022-08-09 23:19:54,136 - Created '20' parsers.
2022-08-09 23:19:54,136 - Created '20' parsers.
2022-08-09 23:19:54,137 - Velocimacro : "velocimacro.library" is not set.  Trying default library: VM_global_library.vm
2022-08-09 23:19:54,137 - Velocimacro : "velocimacro.library" is not set.  Trying default library: VM_global_library.vm
2022-08-09 23:19:54,137 - Velocimacro : Default library not found.
2022-08-09 23:19:54,137 - Velocimacro : Default library not found.
2022-08-09 23:19:54,137 - Velocimacro : allowInline = true : VMs can be defined inline in templates
2022-08-09 23:19:54,137 - Velocimacro : allowInline = true : VMs can be defined inline in templates
2022-08-09 23:19:54,137 - Velocimacro : allowInlineToOverride = false : VMs defined inline may NOT replace previous VM definitions
2022-08-09 23:19:54,137 - Velocimacro : allowInlineToOverride = false : VMs defined inline may NOT replace previous VM definitions
2022-08-09 23:19:54,137 - Velocimacro : allowInlineLocal = false : VMs defined inline will be global in scope if allowed.
2022-08-09 23:19:54,137 - Velocimacro : allowInlineLocal = false : VMs defined inline will be global in scope if allowed.
2022-08-09 23:19:54,137 - Velocimacro : autoload off : VM system will not automatically reload global library macros
2022-08-09 23:19:54,137 - Velocimacro : autoload off : VM system will not automatically reload global library macros
2022-08-09 23:19:54,149 - ResourceManager : found domain.vm with loader org.apache.velocity.runtime.resource.loader.FileResourceLoader
2022-08-09 23:19:54,149 - ResourceManager : found domain.vm with loader org.apache.velocity.runtime.resource.loader.FileResourceLoader
2022-08-09 23:19:54,162 - Log4JLogChute initialized using file 'velocity.log'
2022-08-09 23:19:54,162 - Log4JLogChute initialized using file 'velocity.log'
2022-08-09 23:19:54,162 - Log4JLogChute initialized using file 'velocity.log'
2022-08-09 23:19:54,162 - Initializing Velocity, Calling init()...
2022-08-09 23:19:54,162 - Initializing Velocity, Calling init()...
2022-08-09 23:19:54,162 - Initializing Velocity, Calling init()...
2022-08-09 23:19:54,162 - Starting Apache Velocity v1.7 (compiled: 2010-11-19 12:14:37)
2022-08-09 23:19:54,162 - Starting Apache Velocity v1.7 (compiled: 2010-11-19 12:14:37)
2022-08-09 23:19:54,162 - Starting Apache Velocity v1.7 (compiled: 2010-11-19 12:14:37)
2022-08-09 23:19:54,162 - Default Properties File: org/apache/velocity/runtime/defaults/velocity.properties
2022-08-09 23:19:54,162 - Default Properties File: org/apache/velocity/runtime/defaults/velocity.properties
2022-08-09 23:19:54,162 - Default Properties File: org/apache/velocity/runtime/defaults/velocity.properties
2022-08-09 23:19:54,162 - Trying to use logger class org.apache.velocity.runtime.log.AvalonLogChute
2022-08-09 23:19:54,162 - Trying to use logger class org.apache.velocity.runtime.log.AvalonLogChute
2022-08-09 23:19:54,162 - Trying to use logger class org.apache.velocity.runtime.log.AvalonLogChute
2022-08-09 23:19:54,162 - Target log system for org.apache.velocity.runtime.log.AvalonLogChute is not available (java.lang.NoClassDefFoundError: org/apache/log/format/Formatter).  Falling back to next log system...
2022-08-09 23:19:54,162 - Target log system for org.apache.velocity.runtime.log.AvalonLogChute is not available (java.lang.NoClassDefFoundError: org/apache/log/format/Formatter).  Falling back to next log system...
2022-08-09 23:19:54,162 - Target log system for org.apache.velocity.runtime.log.AvalonLogChute is not available (java.lang.NoClassDefFoundError: org/apache/log/format/Formatter).  Falling back to next log system...
2022-08-09 23:19:54,162 - Trying to use logger class org.apache.velocity.runtime.log.Log4JLogChute
2022-08-09 23:19:54,162 - Trying to use logger class org.apache.velocity.runtime.log.Log4JLogChute
2022-08-09 23:19:54,162 - Trying to use logger class org.apache.velocity.runtime.log.Log4JLogChute
2022-08-09 23:19:54,162 - Using logger class org.apache.velocity.runtime.log.Log4JLogChute
2022-08-09 23:19:54,162 - Using logger class org.apache.velocity.runtime.log.Log4JLogChute
2022-08-09 23:19:54,162 - Using logger class org.apache.velocity.runtime.log.Log4JLogChute
2022-08-09 23:19:54,162 - ResourceLoader instantiated: org.apache.velocity.runtime.resource.loader.FileResourceLoader
2022-08-09 23:19:54,162 - ResourceLoader instantiated: org.apache.velocity.runtime.resource.loader.FileResourceLoader
2022-08-09 23:19:54,162 - ResourceLoader instantiated: org.apache.velocity.runtime.resource.loader.FileResourceLoader
2022-08-09 23:19:54,163 - Do unicode file recognition:  false
2022-08-09 23:19:54,163 - Do unicode file recognition:  false
2022-08-09 23:19:54,163 - Do unicode file recognition:  false
2022-08-09 23:19:54,163 - FileResourceLoader : adding path '/Users/miaojiagang/IdeaProjects/fastautocode/target/classes/template'
2022-08-09 23:19:54,163 - FileResourceLoader : adding path '/Users/miaojiagang/IdeaProjects/fastautocode/target/classes/template'
2022-08-09 23:19:54,163 - FileResourceLoader : adding path '/Users/miaojiagang/IdeaProjects/fastautocode/target/classes/template'
2022-08-09 23:19:54,163 - ResourceCache: initialized (class org.apache.velocity.runtime.resource.ResourceCacheImpl) with class java.util.Collections$SynchronizedMap cache map.
2022-08-09 23:19:54,163 - ResourceCache: initialized (class org.apache.velocity.runtime.resource.ResourceCacheImpl) with class java.util.Collections$SynchronizedMap cache map.
2022-08-09 23:19:54,163 - ResourceCache: initialized (class org.apache.velocity.runtime.resource.ResourceCacheImpl) with class java.util.Collections$SynchronizedMap cache map.
2022-08-09 23:19:54,164 - Loaded System Directive: org.apache.velocity.runtime.directive.Stop
2022-08-09 23:19:54,164 - Loaded System Directive: org.apache.velocity.runtime.directive.Stop
2022-08-09 23:19:54,164 - Loaded System Directive: org.apache.velocity.runtime.directive.Stop
2022-08-09 23:19:54,164 - Loaded System Directive: org.apache.velocity.runtime.directive.Define
2022-08-09 23:19:54,164 - Loaded System Directive: org.apache.velocity.runtime.directive.Define
2022-08-09 23:19:54,164 - Loaded System Directive: org.apache.velocity.runtime.directive.Define
2022-08-09 23:19:54,164 - Loaded System Directive: org.apache.velocity.runtime.directive.Break
2022-08-09 23:19:54,164 - Loaded System Directive: org.apache.velocity.runtime.directive.Break
2022-08-09 23:19:54,164 - Loaded System Directive: org.apache.velocity.runtime.directive.Break
2022-08-09 23:19:54,164 - Loaded System Directive: org.apache.velocity.runtime.directive.Evaluate
2022-08-09 23:19:54,164 - Loaded System Directive: org.apache.velocity.runtime.directive.Evaluate
2022-08-09 23:19:54,164 - Loaded System Directive: org.apache.velocity.runtime.directive.Evaluate
2022-08-09 23:19:54,164 - Loaded System Directive: org.apache.velocity.runtime.directive.Literal
2022-08-09 23:19:54,164 - Loaded System Directive: org.apache.velocity.runtime.directive.Literal
2022-08-09 23:19:54,164 - Loaded System Directive: org.apache.velocity.runtime.directive.Literal
2022-08-09 23:19:54,164 - Loaded System Directive: org.apache.velocity.runtime.directive.Macro
2022-08-09 23:19:54,164 - Loaded System Directive: org.apache.velocity.runtime.directive.Macro
2022-08-09 23:19:54,164 - Loaded System Directive: org.apache.velocity.runtime.directive.Macro
2022-08-09 23:19:54,164 - Loaded System Directive: org.apache.velocity.runtime.directive.Parse
2022-08-09 23:19:54,164 - Loaded System Directive: org.apache.velocity.runtime.directive.Parse
2022-08-09 23:19:54,164 - Loaded System Directive: org.apache.velocity.runtime.directive.Parse
2022-08-09 23:19:54,165 - Loaded System Directive: org.apache.velocity.runtime.directive.Include
2022-08-09 23:19:54,165 - Loaded System Directive: org.apache.velocity.runtime.directive.Include
2022-08-09 23:19:54,165 - Loaded System Directive: org.apache.velocity.runtime.directive.Include
2022-08-09 23:19:54,165 - Loaded System Directive: org.apache.velocity.runtime.directive.Foreach
2022-08-09 23:19:54,165 - Loaded System Directive: org.apache.velocity.runtime.directive.Foreach
2022-08-09 23:19:54,165 - Loaded System Directive: org.apache.velocity.runtime.directive.Foreach
2022-08-09 23:19:54,166 - Created '20' parsers.
2022-08-09 23:19:54,166 - Created '20' parsers.
2022-08-09 23:19:54,166 - Created '20' parsers.
2022-08-09 23:19:54,166 - Velocimacro : "velocimacro.library" is not set.  Trying default library: VM_global_library.vm
2022-08-09 23:19:54,166 - Velocimacro : "velocimacro.library" is not set.  Trying default library: VM_global_library.vm
2022-08-09 23:19:54,166 - Velocimacro : "velocimacro.library" is not set.  Trying default library: VM_global_library.vm
2022-08-09 23:19:54,166 - Velocimacro : Default library not found.
2022-08-09 23:19:54,166 - Velocimacro : Default library not found.
2022-08-09 23:19:54,166 - Velocimacro : Default library not found.
2022-08-09 23:19:54,166 - Velocimacro : allowInline = true : VMs can be defined inline in templates
2022-08-09 23:19:54,166 - Velocimacro : allowInline = true : VMs can be defined inline in templates
2022-08-09 23:19:54,166 - Velocimacro : allowInline = true : VMs can be defined inline in templates
2022-08-09 23:19:54,166 - Velocimacro : allowInlineToOverride = false : VMs defined inline may NOT replace previous VM definitions
2022-08-09 23:19:54,166 - Velocimacro : allowInlineToOverride = false : VMs defined inline may NOT replace previous VM definitions
2022-08-09 23:19:54,166 - Velocimacro : allowInlineToOverride = false : VMs defined inline may NOT replace previous VM definitions
2022-08-09 23:19:54,166 - Velocimacro : allowInlineLocal = false : VMs defined inline will be global in scope if allowed.
2022-08-09 23:19:54,166 - Velocimacro : allowInlineLocal = false : VMs defined inline will be global in scope if allowed.
2022-08-09 23:19:54,166 - Velocimacro : allowInlineLocal = false : VMs defined inline will be global in scope if allowed.
2022-08-09 23:19:54,166 - Velocimacro : autoload off : VM system will not automatically reload global library macros
2022-08-09 23:19:54,166 - Velocimacro : autoload off : VM system will not automatically reload global library macros
2022-08-09 23:19:54,166 - Velocimacro : autoload off : VM system will not automatically reload global library macros
2022-08-09 23:19:54,174 - ResourceManager : found mapXml.vm with loader org.apache.velocity.runtime.resource.loader.FileResourceLoader
2022-08-09 23:19:54,174 - ResourceManager : found mapXml.vm with loader org.apache.velocity.runtime.resource.loader.FileResourceLoader
2022-08-09 23:19:54,174 - ResourceManager : found mapXml.vm with loader org.apache.velocity.runtime.resource.loader.FileResourceLoader
2022-08-09 23:19:54,182 - Null reference [template 'mapXml.vm', line 38, column 26] : ${orderBy} cannot be resolved.
2022-08-09 23:19:54,182 - Null reference [template 'mapXml.vm', line 38, column 26] : ${orderBy} cannot be resolved.
2022-08-09 23:19:54,182 - Null reference [template 'mapXml.vm', line 38, column 26] : ${orderBy} cannot be resolved.
2022-08-09 23:19:54,182 - Null reference [template 'mapXml.vm', line 56, column 26] : ${orderBy} cannot be resolved.
2022-08-09 23:19:54,182 - Null reference [template 'mapXml.vm', line 56, column 26] : ${orderBy} cannot be resolved.
2022-08-09 23:19:54,182 - Null reference [template 'mapXml.vm', line 56, column 26] : ${orderBy} cannot be resolved.
2022-08-09 23:19:54,187 - Null reference [template 'mapXml.vm', line 109, column 26] : ${orderBy} cannot be resolved.
2022-08-09 23:19:54,187 - Null reference [template 'mapXml.vm', line 109, column 26] : ${orderBy} cannot be resolved.
2022-08-09 23:19:54,187 - Null reference [template 'mapXml.vm', line 109, column 26] : ${orderBy} cannot be resolved.
2022-08-09 23:19:54,189 - Null reference [template 'mapXml.vm', line 130, column 26] : ${orderBy} cannot be resolved.
2022-08-09 23:19:54,189 - Null reference [template 'mapXml.vm', line 130, column 26] : ${orderBy} cannot be resolved.
2022-08-09 23:19:54,189 - Null reference [template 'mapXml.vm', line 130, column 26] : ${orderBy} cannot be resolved.
2022-08-09 23:19:54,190 - Null reference [template 'mapXml.vm', line 149, column 26] : ${orderBy} cannot be resolved.
2022-08-09 23:19:54,190 - Null reference [template 'mapXml.vm', line 149, column 26] : ${orderBy} cannot be resolved.
2022-08-09 23:19:54,190 - Null reference [template 'mapXml.vm', line 149, column 26] : ${orderBy} cannot be resolved.
2022-08-09 23:19:54,200 - Log4JLogChute initialized using file 'velocity.log'
2022-08-09 23:19:54,200 - Log4JLogChute initialized using file 'velocity.log'
2022-08-09 23:19:54,200 - Log4JLogChute initialized using file 'velocity.log'
2022-08-09 23:19:54,200 - Log4JLogChute initialized using file 'velocity.log'
2022-08-09 23:19:54,200 - Initializing Velocity, Calling init()...
2022-08-09 23:19:54,200 - Initializing Velocity, Calling init()...
2022-08-09 23:19:54,200 - Initializing Velocity, Calling init()...
2022-08-09 23:19:54,200 - Initializing Velocity, Calling init()...
2022-08-09 23:19:54,201 - Starting Apache Velocity v1.7 (compiled: 2010-11-19 12:14:37)
2022-08-09 23:19:54,201 - Starting Apache Velocity v1.7 (compiled: 2010-11-19 12:14:37)
2022-08-09 23:19:54,201 - Starting Apache Velocity v1.7 (compiled: 2010-11-19 12:14:37)
2022-08-09 23:19:54,201 - Starting Apache Velocity v1.7 (compiled: 2010-11-19 12:14:37)
2022-08-09 23:19:54,201 - Default Properties File: org/apache/velocity/runtime/defaults/velocity.properties
2022-08-09 23:19:54,201 - Default Properties File: org/apache/velocity/runtime/defaults/velocity.properties
2022-08-09 23:19:54,201 - Default Properties File: org/apache/velocity/runtime/defaults/velocity.properties
2022-08-09 23:19:54,201 - Default Properties File: org/apache/velocity/runtime/defaults/velocity.properties
2022-08-09 23:19:54,201 - Trying to use logger class org.apache.velocity.runtime.log.AvalonLogChute
2022-08-09 23:19:54,201 - Trying to use logger class org.apache.velocity.runtime.log.AvalonLogChute
2022-08-09 23:19:54,201 - Trying to use logger class org.apache.velocity.runtime.log.AvalonLogChute
2022-08-09 23:19:54,201 - Trying to use logger class org.apache.velocity.runtime.log.AvalonLogChute
2022-08-09 23:19:54,201 - Target log system for org.apache.velocity.runtime.log.AvalonLogChute is not available (java.lang.NoClassDefFoundError: org/apache/log/format/Formatter).  Falling back to next log system...
2022-08-09 23:19:54,201 - Target log system for org.apache.velocity.runtime.log.AvalonLogChute is not available (java.lang.NoClassDefFoundError: org/apache/log/format/Formatter).  Falling back to next log system...
2022-08-09 23:19:54,201 - Target log system for org.apache.velocity.runtime.log.AvalonLogChute is not available (java.lang.NoClassDefFoundError: org/apache/log/format/Formatter).  Falling back to next log system...
2022-08-09 23:19:54,201 - Target log system for org.apache.velocity.runtime.log.AvalonLogChute is not available (java.lang.NoClassDefFoundError: org/apache/log/format/Formatter).  Falling back to next log system...
2022-08-09 23:19:54,201 - Trying to use logger class org.apache.velocity.runtime.log.Log4JLogChute
2022-08-09 23:19:54,201 - Trying to use logger class org.apache.velocity.runtime.log.Log4JLogChute
2022-08-09 23:19:54,201 - Trying to use logger class org.apache.velocity.runtime.log.Log4JLogChute
2022-08-09 23:19:54,201 - Trying to use logger class org.apache.velocity.runtime.log.Log4JLogChute
2022-08-09 23:19:54,201 - Using logger class org.apache.velocity.runtime.log.Log4JLogChute
2022-08-09 23:19:54,201 - Using logger class org.apache.velocity.runtime.log.Log4JLogChute
2022-08-09 23:19:54,201 - Using logger class org.apache.velocity.runtime.log.Log4JLogChute
2022-08-09 23:19:54,201 - Using logger class org.apache.velocity.runtime.log.Log4JLogChute
2022-08-09 23:19:54,201 - ResourceLoader instantiated: org.apache.velocity.runtime.resource.loader.FileResourceLoader
2022-08-09 23:19:54,201 - ResourceLoader instantiated: org.apache.velocity.runtime.resource.loader.FileResourceLoader
2022-08-09 23:19:54,201 - ResourceLoader instantiated: org.apache.velocity.runtime.resource.loader.FileResourceLoader
2022-08-09 23:19:54,201 - ResourceLoader instantiated: org.apache.velocity.runtime.resource.loader.FileResourceLoader
2022-08-09 23:19:54,201 - Do unicode file recognition:  false
2022-08-09 23:19:54,201 - Do unicode file recognition:  false
2022-08-09 23:19:54,201 - Do unicode file recognition:  false
2022-08-09 23:19:54,201 - Do unicode file recognition:  false
2022-08-09 23:19:54,201 - FileResourceLoader : adding path '/Users/miaojiagang/IdeaProjects/fastautocode/target/classes/template'
2022-08-09 23:19:54,201 - FileResourceLoader : adding path '/Users/miaojiagang/IdeaProjects/fastautocode/target/classes/template'
2022-08-09 23:19:54,201 - FileResourceLoader : adding path '/Users/miaojiagang/IdeaProjects/fastautocode/target/classes/template'
2022-08-09 23:19:54,201 - FileResourceLoader : adding path '/Users/miaojiagang/IdeaProjects/fastautocode/target/classes/template'
2022-08-09 23:19:54,201 - ResourceCache: initialized (class org.apache.velocity.runtime.resource.ResourceCacheImpl) with class java.util.Collections$SynchronizedMap cache map.
2022-08-09 23:19:54,201 - ResourceCache: initialized (class org.apache.velocity.runtime.resource.ResourceCacheImpl) with class java.util.Collections$SynchronizedMap cache map.
2022-08-09 23:19:54,201 - ResourceCache: initialized (class org.apache.velocity.runtime.resource.ResourceCacheImpl) with class java.util.Collections$SynchronizedMap cache map.
2022-08-09 23:19:54,201 - ResourceCache: initialized (class org.apache.velocity.runtime.resource.ResourceCacheImpl) with class java.util.Collections$SynchronizedMap cache map.
2022-08-09 23:19:54,202 - Loaded System Directive: org.apache.velocity.runtime.directive.Stop
2022-08-09 23:19:54,202 - Loaded System Directive: org.apache.velocity.runtime.directive.Stop
2022-08-09 23:19:54,202 - Loaded System Directive: org.apache.velocity.runtime.directive.Stop
2022-08-09 23:19:54,202 - Loaded System Directive: org.apache.velocity.runtime.directive.Stop
2022-08-09 23:19:54,205 - Loaded System Directive: org.apache.velocity.runtime.directive.Define
2022-08-09 23:19:54,205 - Loaded System Directive: org.apache.velocity.runtime.directive.Define
2022-08-09 23:19:54,205 - Loaded System Directive: org.apache.velocity.runtime.directive.Define
2022-08-09 23:19:54,205 - Loaded System Directive: org.apache.velocity.runtime.directive.Define
2022-08-09 23:19:54,205 - Loaded System Directive: org.apache.velocity.runtime.directive.Break
2022-08-09 23:19:54,205 - Loaded System Directive: org.apache.velocity.runtime.directive.Break
2022-08-09 23:19:54,205 - Loaded System Directive: org.apache.velocity.runtime.directive.Break
2022-08-09 23:19:54,205 - Loaded System Directive: org.apache.velocity.runtime.directive.Break
2022-08-09 23:19:54,205 - Loaded System Directive: org.apache.velocity.runtime.directive.Evaluate
2022-08-09 23:19:54,205 - Loaded System Directive: org.apache.velocity.runtime.directive.Evaluate
2022-08-09 23:19:54,205 - Loaded System Directive: org.apache.velocity.runtime.directive.Evaluate
2022-08-09 23:19:54,205 - Loaded System Directive: org.apache.velocity.runtime.directive.Evaluate
2022-08-09 23:19:54,205 - Loaded System Directive: org.apache.velocity.runtime.directive.Literal
2022-08-09 23:19:54,205 - Loaded System Directive: org.apache.velocity.runtime.directive.Literal
2022-08-09 23:19:54,205 - Loaded System Directive: org.apache.velocity.runtime.directive.Literal
2022-08-09 23:19:54,205 - Loaded System Directive: org.apache.velocity.runtime.directive.Literal
2022-08-09 23:19:54,205 - Loaded System Directive: org.apache.velocity.runtime.directive.Macro
2022-08-09 23:19:54,205 - Loaded System Directive: org.apache.velocity.runtime.directive.Macro
2022-08-09 23:19:54,205 - Loaded System Directive: org.apache.velocity.runtime.directive.Macro
2022-08-09 23:19:54,205 - Loaded System Directive: org.apache.velocity.runtime.directive.Macro
2022-08-09 23:19:54,205 - Loaded System Directive: org.apache.velocity.runtime.directive.Parse
2022-08-09 23:19:54,205 - Loaded System Directive: org.apache.velocity.runtime.directive.Parse
2022-08-09 23:19:54,205 - Loaded System Directive: org.apache.velocity.runtime.directive.Parse
2022-08-09 23:19:54,205 - Loaded System Directive: org.apache.velocity.runtime.directive.Parse
2022-08-09 23:19:54,205 - Loaded System Directive: org.apache.velocity.runtime.directive.Include
2022-08-09 23:19:54,205 - Loaded System Directive: org.apache.velocity.runtime.directive.Include
2022-08-09 23:19:54,205 - Loaded System Directive: org.apache.velocity.runtime.directive.Include
2022-08-09 23:19:54,205 - Loaded System Directive: org.apache.velocity.runtime.directive.Include
2022-08-09 23:19:54,205 - Loaded System Directive: org.apache.velocity.runtime.directive.Foreach
2022-08-09 23:19:54,205 - Loaded System Directive: org.apache.velocity.runtime.directive.Foreach
2022-08-09 23:19:54,205 - Loaded System Directive: org.apache.velocity.runtime.directive.Foreach
2022-08-09 23:19:54,205 - Loaded System Directive: org.apache.velocity.runtime.directive.Foreach
2022-08-09 23:19:54,207 - Created '20' parsers.
2022-08-09 23:19:54,207 - Created '20' parsers.
2022-08-09 23:19:54,207 - Created '20' parsers.
2022-08-09 23:19:54,207 - Created '20' parsers.
2022-08-09 23:19:54,208 - Velocimacro : "velocimacro.library" is not set.  Trying default library: VM_global_library.vm
2022-08-09 23:19:54,208 - Velocimacro : "velocimacro.library" is not set.  Trying default library: VM_global_library.vm
2022-08-09 23:19:54,208 - Velocimacro : "velocimacro.library" is not set.  Trying default library: VM_global_library.vm
2022-08-09 23:19:54,208 - Velocimacro : "velocimacro.library" is not set.  Trying default library: VM_global_library.vm
2022-08-09 23:19:54,208 - Velocimacro : Default library not found.
2022-08-09 23:19:54,208 - Velocimacro : Default library not found.
2022-08-09 23:19:54,208 - Velocimacro : Default library not found.
2022-08-09 23:19:54,208 - Velocimacro : Default library not found.
2022-08-09 23:19:54,208 - Velocimacro : allowInline = true : VMs can be defined inline in templates
2022-08-09 23:19:54,208 - Velocimacro : allowInline = true : VMs can be defined inline in templates
2022-08-09 23:19:54,208 - Velocimacro : allowInline = true : VMs can be defined inline in templates
2022-08-09 23:19:54,208 - Velocimacro : allowInline = true : VMs can be defined inline in templates
2022-08-09 23:19:54,208 - Velocimacro : allowInlineToOverride = false : VMs defined inline may NOT replace previous VM definitions
2022-08-09 23:19:54,208 - Velocimacro : allowInlineToOverride = false : VMs defined inline may NOT replace previous VM definitions
2022-08-09 23:19:54,208 - Velocimacro : allowInlineToOverride = false : VMs defined inline may NOT replace previous VM definitions
2022-08-09 23:19:54,208 - Velocimacro : allowInlineToOverride = false : VMs defined inline may NOT replace previous VM definitions
2022-08-09 23:19:54,208 - Velocimacro : allowInlineLocal = false : VMs defined inline will be global in scope if allowed.
2022-08-09 23:19:54,208 - Velocimacro : allowInlineLocal = false : VMs defined inline will be global in scope if allowed.
2022-08-09 23:19:54,208 - Velocimacro : allowInlineLocal = false : VMs defined inline will be global in scope if allowed.
2022-08-09 23:19:54,208 - Velocimacro : allowInlineLocal = false : VMs defined inline will be global in scope if allowed.
2022-08-09 23:19:54,208 - Velocimacro : autoload off : VM system will not automatically reload global library macros
2022-08-09 23:19:54,208 - Velocimacro : autoload off : VM system will not automatically reload global library macros
2022-08-09 23:19:54,208 - Velocimacro : autoload off : VM system will not automatically reload global library macros
2022-08-09 23:19:54,208 - Velocimacro : autoload off : VM system will not automatically reload global library macros
2022-08-09 23:19:54,220 - ResourceManager : found dao.vm with loader org.apache.velocity.runtime.resource.loader.FileResourceLoader
2022-08-09 23:19:54,220 - ResourceManager : found dao.vm with loader org.apache.velocity.runtime.resource.loader.FileResourceLoader
2022-08-09 23:19:54,220 - ResourceManager : found dao.vm with loader org.apache.velocity.runtime.resource.loader.FileResourceLoader
2022-08-09 23:19:54,220 - ResourceManager : found dao.vm with loader org.apache.velocity.runtime.resource.loader.FileResourceLoader
2022-08-09 23:19:54,231 - Log4JLogChute initialized using file 'velocity.log'
2022-08-09 23:19:54,231 - Log4JLogChute initialized using file 'velocity.log'
2022-08-09 23:19:54,231 - Log4JLogChute initialized using file 'velocity.log'
2022-08-09 23:19:54,231 - Log4JLogChute initialized using file 'velocity.log'
2022-08-09 23:19:54,231 - Log4JLogChute initialized using file 'velocity.log'
2022-08-09 23:19:54,231 - Initializing Velocity, Calling init()...
2022-08-09 23:19:54,231 - Initializing Velocity, Calling init()...
2022-08-09 23:19:54,231 - Initializing Velocity, Calling init()...
2022-08-09 23:19:54,231 - Initializing Velocity, Calling init()...
2022-08-09 23:19:54,231 - Initializing Velocity, Calling init()...
2022-08-09 23:19:54,231 - Starting Apache Velocity v1.7 (compiled: 2010-11-19 12:14:37)
2022-08-09 23:19:54,231 - Starting Apache Velocity v1.7 (compiled: 2010-11-19 12:14:37)
2022-08-09 23:19:54,231 - Starting Apache Velocity v1.7 (compiled: 2010-11-19 12:14:37)
2022-08-09 23:19:54,231 - Starting Apache Velocity v1.7 (compiled: 2010-11-19 12:14:37)
2022-08-09 23:19:54,231 - Starting Apache Velocity v1.7 (compiled: 2010-11-19 12:14:37)
2022-08-09 23:19:54,231 - Default Properties File: org/apache/velocity/runtime/defaults/velocity.properties
2022-08-09 23:19:54,231 - Default Properties File: org/apache/velocity/runtime/defaults/velocity.properties
2022-08-09 23:19:54,231 - Default Properties File: org/apache/velocity/runtime/defaults/velocity.properties
2022-08-09 23:19:54,231 - Default Properties File: org/apache/velocity/runtime/defaults/velocity.properties
2022-08-09 23:19:54,231 - Default Properties File: org/apache/velocity/runtime/defaults/velocity.properties
2022-08-09 23:19:54,231 - Trying to use logger class org.apache.velocity.runtime.log.AvalonLogChute
2022-08-09 23:19:54,231 - Trying to use logger class org.apache.velocity.runtime.log.AvalonLogChute
2022-08-09 23:19:54,231 - Trying to use logger class org.apache.velocity.runtime.log.AvalonLogChute
2022-08-09 23:19:54,231 - Trying to use logger class org.apache.velocity.runtime.log.AvalonLogChute
2022-08-09 23:19:54,231 - Trying to use logger class org.apache.velocity.runtime.log.AvalonLogChute
2022-08-09 23:19:54,231 - Target log system for org.apache.velocity.runtime.log.AvalonLogChute is not available (java.lang.NoClassDefFoundError: org/apache/log/format/Formatter).  Falling back to next log system...
2022-08-09 23:19:54,231 - Target log system for org.apache.velocity.runtime.log.AvalonLogChute is not available (java.lang.NoClassDefFoundError: org/apache/log/format/Formatter).  Falling back to next log system...
2022-08-09 23:19:54,231 - Target log system for org.apache.velocity.runtime.log.AvalonLogChute is not available (java.lang.NoClassDefFoundError: org/apache/log/format/Formatter).  Falling back to next log system...
2022-08-09 23:19:54,231 - Target log system for org.apache.velocity.runtime.log.AvalonLogChute is not available (java.lang.NoClassDefFoundError: org/apache/log/format/Formatter).  Falling back to next log system...
2022-08-09 23:19:54,231 - Target log system for org.apache.velocity.runtime.log.AvalonLogChute is not available (java.lang.NoClassDefFoundError: org/apache/log/format/Formatter).  Falling back to next log system...
2022-08-09 23:19:54,231 - Trying to use logger class org.apache.velocity.runtime.log.Log4JLogChute
2022-08-09 23:19:54,231 - Trying to use logger class org.apache.velocity.runtime.log.Log4JLogChute
2022-08-09 23:19:54,231 - Trying to use logger class org.apache.velocity.runtime.log.Log4JLogChute
2022-08-09 23:19:54,231 - Trying to use logger class org.apache.velocity.runtime.log.Log4JLogChute
2022-08-09 23:19:54,231 - Trying to use logger class org.apache.velocity.runtime.log.Log4JLogChute
2022-08-09 23:19:54,231 - Using logger class org.apache.velocity.runtime.log.Log4JLogChute
2022-08-09 23:19:54,231 - Using logger class org.apache.velocity.runtime.log.Log4JLogChute
2022-08-09 23:19:54,231 - Using logger class org.apache.velocity.runtime.log.Log4JLogChute
2022-08-09 23:19:54,231 - Using logger class org.apache.velocity.runtime.log.Log4JLogChute
2022-08-09 23:19:54,231 - Using logger class org.apache.velocity.runtime.log.Log4JLogChute
2022-08-09 23:19:54,232 - ResourceLoader instantiated: org.apache.velocity.runtime.resource.loader.FileResourceLoader
2022-08-09 23:19:54,232 - ResourceLoader instantiated: org.apache.velocity.runtime.resource.loader.FileResourceLoader
2022-08-09 23:19:54,232 - ResourceLoader instantiated: org.apache.velocity.runtime.resource.loader.FileResourceLoader
2022-08-09 23:19:54,232 - ResourceLoader instantiated: org.apache.velocity.runtime.resource.loader.FileResourceLoader
2022-08-09 23:19:54,232 - ResourceLoader instantiated: org.apache.velocity.runtime.resource.loader.FileResourceLoader
2022-08-09 23:19:54,233 - Do unicode file recognition:  false
2022-08-09 23:19:54,233 - Do unicode file recognition:  false
2022-08-09 23:19:54,233 - Do unicode file recognition:  false
2022-08-09 23:19:54,233 - Do unicode file recognition:  false
2022-08-09 23:19:54,233 - Do unicode file recognition:  false
2022-08-09 23:19:54,233 - FileResourceLoader : adding path '/Users/miaojiagang/IdeaProjects/fastautocode/target/classes/template'
2022-08-09 23:19:54,233 - FileResourceLoader : adding path '/Users/miaojiagang/IdeaProjects/fastautocode/target/classes/template'
2022-08-09 23:19:54,233 - FileResourceLoader : adding path '/Users/miaojiagang/IdeaProjects/fastautocode/target/classes/template'
2022-08-09 23:19:54,233 - FileResourceLoader : adding path '/Users/miaojiagang/IdeaProjects/fastautocode/target/classes/template'
2022-08-09 23:19:54,233 - FileResourceLoader : adding path '/Users/miaojiagang/IdeaProjects/fastautocode/target/classes/template'
2022-08-09 23:19:54,234 - ResourceCache: initialized (class org.apache.velocity.runtime.resource.ResourceCacheImpl) with class java.util.Collections$SynchronizedMap cache map.
2022-08-09 23:19:54,234 - ResourceCache: initialized (class org.apache.velocity.runtime.resource.ResourceCacheImpl) with class java.util.Collections$SynchronizedMap cache map.
2022-08-09 23:19:54,234 - ResourceCache: initialized (class org.apache.velocity.runtime.resource.ResourceCacheImpl) with class java.util.Collections$SynchronizedMap cache map.
2022-08-09 23:19:54,234 - ResourceCache: initialized (class org.apache.velocity.runtime.resource.ResourceCacheImpl) with class java.util.Collections$SynchronizedMap cache map.
2022-08-09 23:19:54,234 - ResourceCache: initialized (class org.apache.velocity.runtime.resource.ResourceCacheImpl) with class java.util.Collections$SynchronizedMap cache map.
2022-08-09 23:19:54,234 - Loaded System Directive: org.apache.velocity.runtime.directive.Stop
2022-08-09 23:19:54,234 - Loaded System Directive: org.apache.velocity.runtime.directive.Stop
2022-08-09 23:19:54,234 - Loaded System Directive: org.apache.velocity.runtime.directive.Stop
2022-08-09 23:19:54,234 - Loaded System Directive: org.apache.velocity.runtime.directive.Stop
2022-08-09 23:19:54,234 - Loaded System Directive: org.apache.velocity.runtime.directive.Stop
2022-08-09 23:19:54,236 - Loaded System Directive: org.apache.velocity.runtime.directive.Define
2022-08-09 23:19:54,236 - Loaded System Directive: org.apache.velocity.runtime.directive.Define
2022-08-09 23:19:54,236 - Loaded System Directive: org.apache.velocity.runtime.directive.Define
2022-08-09 23:19:54,236 - Loaded System Directive: org.apache.velocity.runtime.directive.Define
2022-08-09 23:19:54,236 - Loaded System Directive: org.apache.velocity.runtime.directive.Define
2022-08-09 23:19:54,236 - Loaded System Directive: org.apache.velocity.runtime.directive.Break
2022-08-09 23:19:54,236 - Loaded System Directive: org.apache.velocity.runtime.directive.Break
2022-08-09 23:19:54,236 - Loaded System Directive: org.apache.velocity.runtime.directive.Break
2022-08-09 23:19:54,236 - Loaded System Directive: org.apache.velocity.runtime.directive.Break
2022-08-09 23:19:54,236 - Loaded System Directive: org.apache.velocity.runtime.directive.Break
2022-08-09 23:19:54,236 - Loaded System Directive: org.apache.velocity.runtime.directive.Evaluate
2022-08-09 23:19:54,236 - Loaded System Directive: org.apache.velocity.runtime.directive.Evaluate
2022-08-09 23:19:54,236 - Loaded System Directive: org.apache.velocity.runtime.directive.Evaluate
2022-08-09 23:19:54,236 - Loaded System Directive: org.apache.velocity.runtime.directive.Evaluate
2022-08-09 23:19:54,236 - Loaded System Directive: org.apache.velocity.runtime.directive.Evaluate
2022-08-09 23:19:54,236 - Loaded System Directive: org.apache.velocity.runtime.directive.Literal
2022-08-09 23:19:54,236 - Loaded System Directive: org.apache.velocity.runtime.directive.Literal
2022-08-09 23:19:54,236 - Loaded System Directive: org.apache.velocity.runtime.directive.Literal
2022-08-09 23:19:54,236 - Loaded System Directive: org.apache.velocity.runtime.directive.Literal
2022-08-09 23:19:54,236 - Loaded System Directive: org.apache.velocity.runtime.directive.Literal
2022-08-09 23:19:54,236 - Loaded System Directive: org.apache.velocity.runtime.directive.Macro
2022-08-09 23:19:54,236 - Loaded System Directive: org.apache.velocity.runtime.directive.Macro
2022-08-09 23:19:54,236 - Loaded System Directive: org.apache.velocity.runtime.directive.Macro
2022-08-09 23:19:54,236 - Loaded System Directive: org.apache.velocity.runtime.directive.Macro
2022-08-09 23:19:54,236 - Loaded System Directive: org.apache.velocity.runtime.directive.Macro
2022-08-09 23:19:54,236 - Loaded System Directive: org.apache.velocity.runtime.directive.Parse
2022-08-09 23:19:54,236 - Loaded System Directive: org.apache.velocity.runtime.directive.Parse
2022-08-09 23:19:54,236 - Loaded System Directive: org.apache.velocity.runtime.directive.Parse
2022-08-09 23:19:54,236 - Loaded System Directive: org.apache.velocity.runtime.directive.Parse
2022-08-09 23:19:54,236 - Loaded System Directive: org.apache.velocity.runtime.directive.Parse
2022-08-09 23:19:54,236 - Loaded System Directive: org.apache.velocity.runtime.directive.Include
2022-08-09 23:19:54,236 - Loaded System Directive: org.apache.velocity.runtime.directive.Include
2022-08-09 23:19:54,236 - Loaded System Directive: org.apache.velocity.runtime.directive.Include
2022-08-09 23:19:54,236 - Loaded System Directive: org.apache.velocity.runtime.directive.Include
2022-08-09 23:19:54,236 - Loaded System Directive: org.apache.velocity.runtime.directive.Include
2022-08-09 23:19:54,236 - Loaded System Directive: org.apache.velocity.runtime.directive.Foreach
2022-08-09 23:19:54,236 - Loaded System Directive: org.apache.velocity.runtime.directive.Foreach
2022-08-09 23:19:54,236 - Loaded System Directive: org.apache.velocity.runtime.directive.Foreach
2022-08-09 23:19:54,236 - Loaded System Directive: org.apache.velocity.runtime.directive.Foreach
2022-08-09 23:19:54,236 - Loaded System Directive: org.apache.velocity.runtime.directive.Foreach
2022-08-09 23:19:54,238 - Created '20' parsers.
2022-08-09 23:19:54,238 - Created '20' parsers.
2022-08-09 23:19:54,238 - Created '20' parsers.
2022-08-09 23:19:54,238 - Created '20' parsers.
2022-08-09 23:19:54,238 - Created '20' parsers.
2022-08-09 23:19:54,242 - Velocimacro : "velocimacro.library" is not set.  Trying default library: VM_global_library.vm
2022-08-09 23:19:54,242 - Velocimacro : "velocimacro.library" is not set.  Trying default library: VM_global_library.vm
2022-08-09 23:19:54,242 - Velocimacro : "velocimacro.library" is not set.  Trying default library: VM_global_library.vm
2022-08-09 23:19:54,242 - Velocimacro : "velocimacro.library" is not set.  Trying default library: VM_global_library.vm
2022-08-09 23:19:54,242 - Velocimacro : "velocimacro.library" is not set.  Trying default library: VM_global_library.vm
2022-08-09 23:19:54,242 - Velocimacro : Default library not found.
2022-08-09 23:19:54,242 - Velocimacro : Default library not found.
2022-08-09 23:19:54,242 - Velocimacro : Default library not found.
2022-08-09 23:19:54,242 - Velocimacro : Default library not found.
2022-08-09 23:19:54,242 - Velocimacro : Default library not found.
2022-08-09 23:19:54,242 - Velocimacro : allowInline = true : VMs can be defined inline in templates
2022-08-09 23:19:54,242 - Velocimacro : allowInline = true : VMs can be defined inline in templates
2022-08-09 23:19:54,242 - Velocimacro : allowInline = true : VMs can be defined inline in templates
2022-08-09 23:19:54,242 - Velocimacro : allowInline = true : VMs can be defined inline in templates
2022-08-09 23:19:54,242 - Velocimacro : allowInline = true : VMs can be defined inline in templates
2022-08-09 23:19:54,242 - Velocimacro : allowInlineToOverride = false : VMs defined inline may NOT replace previous VM definitions
2022-08-09 23:19:54,242 - Velocimacro : allowInlineToOverride = false : VMs defined inline may NOT replace previous VM definitions
2022-08-09 23:19:54,242 - Velocimacro : allowInlineToOverride = false : VMs defined inline may NOT replace previous VM definitions
2022-08-09 23:19:54,242 - Velocimacro : allowInlineToOverride = false : VMs defined inline may NOT replace previous VM definitions
2022-08-09 23:19:54,242 - Velocimacro : allowInlineToOverride = false : VMs defined inline may NOT replace previous VM definitions
2022-08-09 23:19:54,242 - Velocimacro : allowInlineLocal = false : VMs defined inline will be global in scope if allowed.
2022-08-09 23:19:54,242 - Velocimacro : allowInlineLocal = false : VMs defined inline will be global in scope if allowed.
2022-08-09 23:19:54,242 - Velocimacro : allowInlineLocal = false : VMs defined inline will be global in scope if allowed.
2022-08-09 23:19:54,242 - Velocimacro : allowInlineLocal = false : VMs defined inline will be global in scope if allowed.
2022-08-09 23:19:54,242 - Velocimacro : allowInlineLocal = false : VMs defined inline will be global in scope if allowed.
2022-08-09 23:19:54,242 - Velocimacro : autoload off : VM system will not automatically reload global library macros
2022-08-09 23:19:54,242 - Velocimacro : autoload off : VM system will not automatically reload global library macros
2022-08-09 23:19:54,242 - Velocimacro : autoload off : VM system will not automatically reload global library macros
2022-08-09 23:19:54,242 - Velocimacro : autoload off : VM system will not automatically reload global library macros
2022-08-09 23:19:54,242 - Velocimacro : autoload off : VM system will not automatically reload global library macros
2022-08-09 23:19:54,244 - ResourceManager : found service.vm with loader org.apache.velocity.runtime.resource.loader.FileResourceLoader
2022-08-09 23:19:54,244 - ResourceManager : found service.vm with loader org.apache.velocity.runtime.resource.loader.FileResourceLoader
2022-08-09 23:19:54,244 - ResourceManager : found service.vm with loader org.apache.velocity.runtime.resource.loader.FileResourceLoader
2022-08-09 23:19:54,244 - ResourceManager : found service.vm with loader org.apache.velocity.runtime.resource.loader.FileResourceLoader
2022-08-09 23:19:54,244 - ResourceManager : found service.vm with loader org.apache.velocity.runtime.resource.loader.FileResourceLoader
2022-08-09 23:19:54,250 - Log4JLogChute initialized using file 'velocity.log'
2022-08-09 23:19:54,250 - Log4JLogChute initialized using file 'velocity.log'
2022-08-09 23:19:54,250 - Log4JLogChute initialized using file 'velocity.log'
2022-08-09 23:19:54,250 - Log4JLogChute initialized using file 'velocity.log'
2022-08-09 23:19:54,250 - Log4JLogChute initialized using file 'velocity.log'
2022-08-09 23:19:54,250 - Log4JLogChute initialized using file 'velocity.log'
2022-08-09 23:19:54,250 - Initializing Velocity, Calling init()...
2022-08-09 23:19:54,250 - Initializing Velocity, Calling init()...
2022-08-09 23:19:54,250 - Initializing Velocity, Calling init()...
2022-08-09 23:19:54,250 - Initializing Velocity, Calling init()...
2022-08-09 23:19:54,250 - Initializing Velocity, Calling init()...
2022-08-09 23:19:54,250 - Initializing Velocity, Calling init()...
2022-08-09 23:19:54,251 - Starting Apache Velocity v1.7 (compiled: 2010-11-19 12:14:37)
2022-08-09 23:19:54,251 - Starting Apache Velocity v1.7 (compiled: 2010-11-19 12:14:37)
2022-08-09 23:19:54,251 - Starting Apache Velocity v1.7 (compiled: 2010-11-19 12:14:37)
2022-08-09 23:19:54,251 - Starting Apache Velocity v1.7 (compiled: 2010-11-19 12:14:37)
2022-08-09 23:19:54,251 - Starting Apache Velocity v1.7 (compiled: 2010-11-19 12:14:37)
2022-08-09 23:19:54,251 - Starting Apache Velocity v1.7 (compiled: 2010-11-19 12:14:37)
2022-08-09 23:19:54,251 - Default Properties File: org/apache/velocity/runtime/defaults/velocity.properties
2022-08-09 23:19:54,251 - Default Properties File: org/apache/velocity/runtime/defaults/velocity.properties
2022-08-09 23:19:54,251 - Default Properties File: org/apache/velocity/runtime/defaults/velocity.properties
2022-08-09 23:19:54,251 - Default Properties File: org/apache/velocity/runtime/defaults/velocity.properties
2022-08-09 23:19:54,251 - Default Properties File: org/apache/velocity/runtime/defaults/velocity.properties
2022-08-09 23:19:54,251 - Default Properties File: org/apache/velocity/runtime/defaults/velocity.properties
2022-08-09 23:19:54,251 - Trying to use logger class org.apache.velocity.runtime.log.AvalonLogChute
2022-08-09 23:19:54,251 - Trying to use logger class org.apache.velocity.runtime.log.AvalonLogChute
2022-08-09 23:19:54,251 - Trying to use logger class org.apache.velocity.runtime.log.AvalonLogChute
2022-08-09 23:19:54,251 - Trying to use logger class org.apache.velocity.runtime.log.AvalonLogChute
2022-08-09 23:19:54,251 - Trying to use logger class org.apache.velocity.runtime.log.AvalonLogChute
2022-08-09 23:19:54,251 - Trying to use logger class org.apache.velocity.runtime.log.AvalonLogChute
2022-08-09 23:19:54,251 - Target log system for org.apache.velocity.runtime.log.AvalonLogChute is not available (java.lang.NoClassDefFoundError: org/apache/log/format/Formatter).  Falling back to next log system...
2022-08-09 23:19:54,251 - Target log system for org.apache.velocity.runtime.log.AvalonLogChute is not available (java.lang.NoClassDefFoundError: org/apache/log/format/Formatter).  Falling back to next log system...
2022-08-09 23:19:54,251 - Target log system for org.apache.velocity.runtime.log.AvalonLogChute is not available (java.lang.NoClassDefFoundError: org/apache/log/format/Formatter).  Falling back to next log system...
2022-08-09 23:19:54,251 - Target log system for org.apache.velocity.runtime.log.AvalonLogChute is not available (java.lang.NoClassDefFoundError: org/apache/log/format/Formatter).  Falling back to next log system...
2022-08-09 23:19:54,251 - Target log system for org.apache.velocity.runtime.log.AvalonLogChute is not available (java.lang.NoClassDefFoundError: org/apache/log/format/Formatter).  Falling back to next log system...
2022-08-09 23:19:54,251 - Target log system for org.apache.velocity.runtime.log.AvalonLogChute is not available (java.lang.NoClassDefFoundError: org/apache/log/format/Formatter).  Falling back to next log system...
2022-08-09 23:19:54,251 - Trying to use logger class org.apache.velocity.runtime.log.Log4JLogChute
2022-08-09 23:19:54,251 - Trying to use logger class org.apache.velocity.runtime.log.Log4JLogChute
2022-08-09 23:19:54,251 - Trying to use logger class org.apache.velocity.runtime.log.Log4JLogChute
2022-08-09 23:19:54,251 - Trying to use logger class org.apache.velocity.runtime.log.Log4JLogChute
2022-08-09 23:19:54,251 - Trying to use logger class org.apache.velocity.runtime.log.Log4JLogChute
2022-08-09 23:19:54,251 - Trying to use logger class org.apache.velocity.runtime.log.Log4JLogChute
2022-08-09 23:19:54,251 - Using logger class org.apache.velocity.runtime.log.Log4JLogChute
2022-08-09 23:19:54,251 - Using logger class org.apache.velocity.runtime.log.Log4JLogChute
2022-08-09 23:19:54,251 - Using logger class org.apache.velocity.runtime.log.Log4JLogChute
2022-08-09 23:19:54,251 - Using logger class org.apache.velocity.runtime.log.Log4JLogChute
2022-08-09 23:19:54,251 - Using logger class org.apache.velocity.runtime.log.Log4JLogChute
2022-08-09 23:19:54,251 - Using logger class org.apache.velocity.runtime.log.Log4JLogChute
2022-08-09 23:19:54,251 - ResourceLoader instantiated: org.apache.velocity.runtime.resource.loader.FileResourceLoader
2022-08-09 23:19:54,251 - ResourceLoader instantiated: org.apache.velocity.runtime.resource.loader.FileResourceLoader
2022-08-09 23:19:54,251 - ResourceLoader instantiated: org.apache.velocity.runtime.resource.loader.FileResourceLoader
2022-08-09 23:19:54,251 - ResourceLoader instantiated: org.apache.velocity.runtime.resource.loader.FileResourceLoader
2022-08-09 23:19:54,251 - ResourceLoader instantiated: org.apache.velocity.runtime.resource.loader.FileResourceLoader
2022-08-09 23:19:54,251 - ResourceLoader instantiated: org.apache.velocity.runtime.resource.loader.FileResourceLoader
2022-08-09 23:19:54,251 - Do unicode file recognition:  false
2022-08-09 23:19:54,251 - Do unicode file recognition:  false
2022-08-09 23:19:54,251 - Do unicode file recognition:  false
2022-08-09 23:19:54,251 - Do unicode file recognition:  false
2022-08-09 23:19:54,251 - Do unicode file recognition:  false
2022-08-09 23:19:54,251 - Do unicode file recognition:  false
2022-08-09 23:19:54,251 - FileResourceLoader : adding path '/Users/miaojiagang/IdeaProjects/fastautocode/target/classes/template'
2022-08-09 23:19:54,251 - FileResourceLoader : adding path '/Users/miaojiagang/IdeaProjects/fastautocode/target/classes/template'
2022-08-09 23:19:54,251 - FileResourceLoader : adding path '/Users/miaojiagang/IdeaProjects/fastautocode/target/classes/template'
2022-08-09 23:19:54,251 - FileResourceLoader : adding path '/Users/miaojiagang/IdeaProjects/fastautocode/target/classes/template'
2022-08-09 23:19:54,251 - FileResourceLoader : adding path '/Users/miaojiagang/IdeaProjects/fastautocode/target/classes/template'
2022-08-09 23:19:54,251 - FileResourceLoader : adding path '/Users/miaojiagang/IdeaProjects/fastautocode/target/classes/template'
2022-08-09 23:19:54,251 - ResourceCache: initialized (class org.apache.velocity.runtime.resource.ResourceCacheImpl) with class java.util.Collections$SynchronizedMap cache map.
2022-08-09 23:19:54,251 - ResourceCache: initialized (class org.apache.velocity.runtime.resource.ResourceCacheImpl) with class java.util.Collections$SynchronizedMap cache map.
2022-08-09 23:19:54,251 - ResourceCache: initialized (class org.apache.velocity.runtime.resource.ResourceCacheImpl) with class java.util.Collections$SynchronizedMap cache map.
2022-08-09 23:19:54,251 - ResourceCache: initialized (class org.apache.velocity.runtime.resource.ResourceCacheImpl) with class java.util.Collections$SynchronizedMap cache map.
2022-08-09 23:19:54,251 - ResourceCache: initialized (class org.apache.velocity.runtime.resource.ResourceCacheImpl) with class java.util.Collections$SynchronizedMap cache map.
2022-08-09 23:19:54,251 - ResourceCache: initialized (class org.apache.velocity.runtime.resource.ResourceCacheImpl) with class java.util.Collections$SynchronizedMap cache map.
2022-08-09 23:19:54,251 - Loaded System Directive: org.apache.velocity.runtime.directive.Stop
2022-08-09 23:19:54,251 - Loaded System Directive: org.apache.velocity.runtime.directive.Stop
2022-08-09 23:19:54,251 - Loaded System Directive: org.apache.velocity.runtime.directive.Stop
2022-08-09 23:19:54,251 - Loaded System Directive: org.apache.velocity.runtime.directive.Stop
2022-08-09 23:19:54,251 - Loaded System Directive: org.apache.velocity.runtime.directive.Stop
2022-08-09 23:19:54,251 - Loaded System Directive: org.apache.velocity.runtime.directive.Stop
2022-08-09 23:19:54,254 - Loaded System Directive: org.apache.velocity.runtime.directive.Define
2022-08-09 23:19:54,254 - Loaded System Directive: org.apache.velocity.runtime.directive.Define
2022-08-09 23:19:54,254 - Loaded System Directive: org.apache.velocity.runtime.directive.Define
2022-08-09 23:19:54,254 - Loaded System Directive: org.apache.velocity.runtime.directive.Define
2022-08-09 23:19:54,254 - Loaded System Directive: org.apache.velocity.runtime.directive.Define
2022-08-09 23:19:54,254 - Loaded System Directive: org.apache.velocity.runtime.directive.Define
2022-08-09 23:19:54,254 - Loaded System Directive: org.apache.velocity.runtime.directive.Break
2022-08-09 23:19:54,254 - Loaded System Directive: org.apache.velocity.runtime.directive.Break
2022-08-09 23:19:54,254 - Loaded System Directive: org.apache.velocity.runtime.directive.Break
2022-08-09 23:19:54,254 - Loaded System Directive: org.apache.velocity.runtime.directive.Break
2022-08-09 23:19:54,254 - Loaded System Directive: org.apache.velocity.runtime.directive.Break
2022-08-09 23:19:54,254 - Loaded System Directive: org.apache.velocity.runtime.directive.Break
2022-08-09 23:19:54,254 - Loaded System Directive: org.apache.velocity.runtime.directive.Evaluate
2022-08-09 23:19:54,254 - Loaded System Directive: org.apache.velocity.runtime.directive.Evaluate
2022-08-09 23:19:54,254 - Loaded System Directive: org.apache.velocity.runtime.directive.Evaluate
2022-08-09 23:19:54,254 - Loaded System Directive: org.apache.velocity.runtime.directive.Evaluate
2022-08-09 23:19:54,254 - Loaded System Directive: org.apache.velocity.runtime.directive.Evaluate
2022-08-09 23:19:54,254 - Loaded System Directive: org.apache.velocity.runtime.directive.Evaluate
2022-08-09 23:19:54,254 - Loaded System Directive: org.apache.velocity.runtime.directive.Literal
2022-08-09 23:19:54,254 - Loaded System Directive: org.apache.velocity.runtime.directive.Literal
2022-08-09 23:19:54,254 - Loaded System Directive: org.apache.velocity.runtime.directive.Literal
2022-08-09 23:19:54,254 - Loaded System Directive: org.apache.velocity.runtime.directive.Literal
2022-08-09 23:19:54,254 - Loaded System Directive: org.apache.velocity.runtime.directive.Literal
2022-08-09 23:19:54,254 - Loaded System Directive: org.apache.velocity.runtime.directive.Literal
2022-08-09 23:19:54,254 - Loaded System Directive: org.apache.velocity.runtime.directive.Macro
2022-08-09 23:19:54,254 - Loaded System Directive: org.apache.velocity.runtime.directive.Macro
2022-08-09 23:19:54,254 - Loaded System Directive: org.apache.velocity.runtime.directive.Macro
2022-08-09 23:19:54,254 - Loaded System Directive: org.apache.velocity.runtime.directive.Macro
2022-08-09 23:19:54,254 - Loaded System Directive: org.apache.velocity.runtime.directive.Macro
2022-08-09 23:19:54,254 - Loaded System Directive: org.apache.velocity.runtime.directive.Macro
2022-08-09 23:19:54,254 - Loaded System Directive: org.apache.velocity.runtime.directive.Parse
2022-08-09 23:19:54,254 - Loaded System Directive: org.apache.velocity.runtime.directive.Parse
2022-08-09 23:19:54,254 - Loaded System Directive: org.apache.velocity.runtime.directive.Parse
2022-08-09 23:19:54,254 - Loaded System Directive: org.apache.velocity.runtime.directive.Parse
2022-08-09 23:19:54,254 - Loaded System Directive: org.apache.velocity.runtime.directive.Parse
2022-08-09 23:19:54,254 - Loaded System Directive: org.apache.velocity.runtime.directive.Parse
2022-08-09 23:19:54,254 - Loaded System Directive: org.apache.velocity.runtime.directive.Include
2022-08-09 23:19:54,254 - Loaded System Directive: org.apache.velocity.runtime.directive.Include
2022-08-09 23:19:54,254 - Loaded System Directive: org.apache.velocity.runtime.directive.Include
2022-08-09 23:19:54,254 - Loaded System Directive: org.apache.velocity.runtime.directive.Include
2022-08-09 23:19:54,254 - Loaded System Directive: org.apache.velocity.runtime.directive.Include
2022-08-09 23:19:54,254 - Loaded System Directive: org.apache.velocity.runtime.directive.Include
2022-08-09 23:19:54,254 - Loaded System Directive: org.apache.velocity.runtime.directive.Foreach
2022-08-09 23:19:54,254 - Loaded System Directive: org.apache.velocity.runtime.directive.Foreach
2022-08-09 23:19:54,254 - Loaded System Directive: org.apache.velocity.runtime.directive.Foreach
2022-08-09 23:19:54,254 - Loaded System Directive: org.apache.velocity.runtime.directive.Foreach
2022-08-09 23:19:54,254 - Loaded System Directive: org.apache.velocity.runtime.directive.Foreach
2022-08-09 23:19:54,254 - Loaded System Directive: org.apache.velocity.runtime.directive.Foreach
2022-08-09 23:19:54,255 - Created '20' parsers.
2022-08-09 23:19:54,255 - Created '20' parsers.
2022-08-09 23:19:54,255 - Created '20' parsers.
2022-08-09 23:19:54,255 - Created '20' parsers.
2022-08-09 23:19:54,255 - Created '20' parsers.
2022-08-09 23:19:54,255 - Created '20' parsers.
2022-08-09 23:19:54,255 - Velocimacro : "velocimacro.library" is not set.  Trying default library: VM_global_library.vm
2022-08-09 23:19:54,255 - Velocimacro : "velocimacro.library" is not set.  Trying default library: VM_global_library.vm
2022-08-09 23:19:54,255 - Velocimacro : "velocimacro.library" is not set.  Trying default library: VM_global_library.vm
2022-08-09 23:19:54,255 - Velocimacro : "velocimacro.library" is not set.  Trying default library: VM_global_library.vm
2022-08-09 23:19:54,255 - Velocimacro : "velocimacro.library" is not set.  Trying default library: VM_global_library.vm
2022-08-09 23:19:54,255 - Velocimacro : "velocimacro.library" is not set.  Trying default library: VM_global_library.vm
2022-08-09 23:19:54,255 - Velocimacro : Default library not found.
2022-08-09 23:19:54,255 - Velocimacro : Default library not found.
2022-08-09 23:19:54,255 - Velocimacro : Default library not found.
2022-08-09 23:19:54,255 - Velocimacro : Default library not found.
2022-08-09 23:19:54,255 - Velocimacro : Default library not found.
2022-08-09 23:19:54,255 - Velocimacro : Default library not found.
2022-08-09 23:19:54,255 - Velocimacro : allowInline = true : VMs can be defined inline in templates
2022-08-09 23:19:54,255 - Velocimacro : allowInline = true : VMs can be defined inline in templates
2022-08-09 23:19:54,255 - Velocimacro : allowInline = true : VMs can be defined inline in templates
2022-08-09 23:19:54,255 - Velocimacro : allowInline = true : VMs can be defined inline in templates
2022-08-09 23:19:54,255 - Velocimacro : allowInline = true : VMs can be defined inline in templates
2022-08-09 23:19:54,255 - Velocimacro : allowInline = true : VMs can be defined inline in templates
2022-08-09 23:19:54,255 - Velocimacro : allowInlineToOverride = false : VMs defined inline may NOT replace previous VM definitions
2022-08-09 23:19:54,255 - Velocimacro : allowInlineToOverride = false : VMs defined inline may NOT replace previous VM definitions
2022-08-09 23:19:54,255 - Velocimacro : allowInlineToOverride = false : VMs defined inline may NOT replace previous VM definitions
2022-08-09 23:19:54,255 - Velocimacro : allowInlineToOverride = false : VMs defined inline may NOT replace previous VM definitions
2022-08-09 23:19:54,255 - Velocimacro : allowInlineToOverride = false : VMs defined inline may NOT replace previous VM definitions
2022-08-09 23:19:54,255 - Velocimacro : allowInlineToOverride = false : VMs defined inline may NOT replace previous VM definitions
2022-08-09 23:19:54,255 - Velocimacro : allowInlineLocal = false : VMs defined inline will be global in scope if allowed.
2022-08-09 23:19:54,255 - Velocimacro : allowInlineLocal = false : VMs defined inline will be global in scope if allowed.
2022-08-09 23:19:54,255 - Velocimacro : allowInlineLocal = false : VMs defined inline will be global in scope if allowed.
2022-08-09 23:19:54,255 - Velocimacro : allowInlineLocal = false : VMs defined inline will be global in scope if allowed.
2022-08-09 23:19:54,255 - Velocimacro : allowInlineLocal = false : VMs defined inline will be global in scope if allowed.
2022-08-09 23:19:54,255 - Velocimacro : allowInlineLocal = false : VMs defined inline will be global in scope if allowed.
2022-08-09 23:19:54,255 - Velocimacro : autoload off : VM system will not automatically reload global library macros
2022-08-09 23:19:54,255 - Velocimacro : autoload off : VM system will not automatically reload global library macros
2022-08-09 23:19:54,255 - Velocimacro : autoload off : VM system will not automatically reload global library macros
2022-08-09 23:19:54,255 - Velocimacro : autoload off : VM system will not automatically reload global library macros
2022-08-09 23:19:54,255 - Velocimacro : autoload off : VM system will not automatically reload global library macros
2022-08-09 23:19:54,255 - Velocimacro : autoload off : VM system will not automatically reload global library macros
2022-08-09 23:19:54,263 - ResourceManager : found actionController.vm with loader org.apache.velocity.runtime.resource.loader.FileResourceLoader
2022-08-09 23:19:54,263 - ResourceManager : found actionController.vm with loader org.apache.velocity.runtime.resource.loader.FileResourceLoader
2022-08-09 23:19:54,263 - ResourceManager : found actionController.vm with loader org.apache.velocity.runtime.resource.loader.FileResourceLoader
2022-08-09 23:19:54,263 - ResourceManager : found actionController.vm with loader org.apache.velocity.runtime.resource.loader.FileResourceLoader
2022-08-09 23:19:54,263 - ResourceManager : found actionController.vm with loader org.apache.velocity.runtime.resource.loader.FileResourceLoader
2022-08-09 23:19:54,263 - ResourceManager : found actionController.vm with loader org.apache.velocity.runtime.resource.loader.FileResourceLoader
