2017-11-29 09:51:11,419 - ResourceManager : unable to find resource 'domain.vm' in any resource loader.
2017-11-29 09:51:11,419 - ResourceManager : unable to find resource 'domain.vm' in any resource loader.
2017-11-29 09:51:11,428 - ResourceManager : unable to find resource 'mapXml.vm' in any resource loader.
2017-11-29 09:51:11,428 - ResourceManager : unable to find resource 'mapXml.vm' in any resource loader.
2017-11-29 09:51:11,428 - ResourceManager : unable to find resource 'mapXml.vm' in any resource loader.
2017-11-29 09:51:11,437 - ResourceManager : unable to find resource 'daoImpl.vm' in any resource loader.
2017-11-29 09:51:11,437 - ResourceManager : unable to find resource 'daoImpl.vm' in any resource loader.
2017-11-29 09:51:11,437 - ResourceManager : unable to find resource 'daoImpl.vm' in any resource loader.
2017-11-29 09:51:11,437 - ResourceManager : unable to find resource 'daoImpl.vm' in any resource loader.
2017-11-29 09:51:11,464 - ResourceManager : unable to find resource 'serviceImpl.vm' in any resource loader.
2017-11-29 09:51:11,464 - ResourceManager : unable to find resource 'serviceImpl.vm' in any resource loader.
2017-11-29 09:51:11,474 - ResourceManager : unable to find resource 'action.vm' in any resource loader.
2017-11-29 09:51:11,474 - ResourceManager : unable to find resource 'action.vm' in any resource loader.
2017-11-29 09:51:11,474 - ResourceManager : unable to find resource 'action.vm' in any resource loader.
2017-11-29 09:51:11,485 - ResourceManager : unable to find resource 'pageIndex.vm' in any resource loader.
2017-11-29 09:51:11,485 - ResourceManager : unable to find resource 'pageIndex.vm' in any resource loader.
2017-11-29 09:51:11,485 - ResourceManager : unable to find resource 'pageIndex.vm' in any resource loader.
2017-11-29 09:51:11,485 - ResourceManager : unable to find resource 'pageIndex.vm' in any resource loader.
2017-11-29 09:51:11,496 - ResourceManager : unable to find resource 'pageAdd.vm' in any resource loader.
2017-11-29 09:51:11,496 - ResourceManager : unable to find resource 'pageAdd.vm' in any resource loader.
2017-11-29 09:51:11,496 - ResourceManager : unable to find resource 'pageAdd.vm' in any resource loader.
2017-11-29 09:51:11,496 - ResourceManager : unable to find resource 'pageAdd.vm' in any resource loader.
2017-11-29 09:51:11,496 - ResourceManager : unable to find resource 'pageAdd.vm' in any resource loader.
2017-11-29 09:51:11,514 - ResourceManager : unable to find resource 'pageDetail.vm' in any resource loader.
2017-11-29 09:51:11,514 - ResourceManager : unable to find resource 'pageDetail.vm' in any resource loader.
2017-11-29 09:51:11,514 - ResourceManager : unable to find resource 'pageDetail.vm' in any resource loader.
2017-11-29 09:51:11,514 - ResourceManager : unable to find resource 'pageDetail.vm' in any resource loader.
2017-11-29 09:51:11,514 - ResourceManager : unable to find resource 'pageDetail.vm' in any resource loader.
2017-11-29 09:51:41,104 - ResourceManager : unable to find resource 'domain.vm' in any resource loader.
2017-11-29 09:51:41,104 - ResourceManager : unable to find resource 'domain.vm' in any resource loader.
2017-11-29 09:51:41,112 - ResourceManager : unable to find resource 'mapXml.vm' in any resource loader.
2017-11-29 09:51:41,112 - ResourceManager : unable to find resource 'mapXml.vm' in any resource loader.
2017-11-29 09:51:41,112 - ResourceManager : unable to find resource 'mapXml.vm' in any resource loader.
2017-11-29 09:51:41,120 - ResourceManager : unable to find resource 'daoImpl.vm' in any resource loader.
2017-11-29 09:51:41,120 - ResourceManager : unable to find resource 'daoImpl.vm' in any resource loader.
2017-11-29 09:51:41,120 - ResourceManager : unable to find resource 'daoImpl.vm' in any resource loader.
2017-11-29 09:51:41,120 - ResourceManager : unable to find resource 'daoImpl.vm' in any resource loader.
2017-11-29 09:51:41,145 - ResourceManager : unable to find resource 'serviceImpl.vm' in any resource loader.
2017-11-29 09:51:41,145 - ResourceManager : unable to find resource 'serviceImpl.vm' in any resource loader.
2017-11-29 09:51:41,145 - ResourceManager : unable to find resource 'serviceImpl.vm' in any resource loader.
2017-11-29 09:51:41,145 - ResourceManager : unable to find resource 'serviceImpl.vm' in any resource loader.
2017-11-29 09:51:41,145 - ResourceManager : unable to find resource 'serviceImpl.vm' in any resource loader.
2017-11-29 09:51:41,156 - ResourceManager : unable to find resource 'action.vm' in any resource loader.
2017-11-29 09:51:41,156 - ResourceManager : unable to find resource 'action.vm' in any resource loader.
2017-11-29 09:51:41,156 - ResourceManager : unable to find resource 'action.vm' in any resource loader.
2017-11-29 09:54:05,154 - ResourceManager : unable to find resource 'domain.vm' in any resource loader.
2017-11-29 09:54:05,154 - ResourceManager : unable to find resource 'domain.vm' in any resource loader.
2017-11-29 09:54:05,162 - ResourceManager : unable to find resource 'mapXml.vm' in any resource loader.
2017-11-29 09:54:05,162 - ResourceManager : unable to find resource 'mapXml.vm' in any resource loader.
2017-11-29 09:54:05,162 - ResourceManager : unable to find resource 'mapXml.vm' in any resource loader.
2017-11-29 09:54:05,173 - ResourceManager : unable to find resource 'daoImpl.vm' in any resource loader.
2017-11-29 09:54:05,173 - ResourceManager : unable to find resource 'daoImpl.vm' in any resource loader.
2017-11-29 09:54:05,173 - ResourceManager : unable to find resource 'daoImpl.vm' in any resource loader.
2017-11-29 09:54:05,173 - ResourceManager : unable to find resource 'daoImpl.vm' in any resource loader.
2017-11-29 09:54:05,201 - ResourceManager : unable to find resource 'serviceImpl.vm' in any resource loader.
2017-11-29 09:54:05,201 - ResourceManager : unable to find resource 'serviceImpl.vm' in any resource loader.
2017-11-29 09:54:05,215 - ResourceManager : unable to find resource 'action.vm' in any resource loader.
2017-11-29 09:54:05,215 - ResourceManager : unable to find resource 'action.vm' in any resource loader.
2017-11-29 09:54:05,215 - ResourceManager : unable to find resource 'action.vm' in any resource loader.
2017-11-29 09:55:03,273 - ResourceManager : unable to find resource 'domain.vm' in any resource loader.
2017-11-29 09:55:03,273 - ResourceManager : unable to find resource 'domain.vm' in any resource loader.
2017-11-29 09:55:03,285 - ResourceManager : unable to find resource 'mapXml.vm' in any resource loader.
2017-11-29 09:55:03,285 - ResourceManager : unable to find resource 'mapXml.vm' in any resource loader.
2017-11-29 09:55:03,285 - ResourceManager : unable to find resource 'mapXml.vm' in any resource loader.
2017-11-29 09:55:03,298 - ResourceManager : unable to find resource 'daoImpl.vm' in any resource loader.
2017-11-29 09:55:03,298 - ResourceManager : unable to find resource 'daoImpl.vm' in any resource loader.
2017-11-29 09:55:03,298 - ResourceManager : unable to find resource 'daoImpl.vm' in any resource loader.
2017-11-29 09:55:03,298 - ResourceManager : unable to find resource 'daoImpl.vm' in any resource loader.
2017-11-29 09:55:03,334 - ResourceManager : unable to find resource 'serviceImpl.vm' in any resource loader.
2017-11-29 09:55:03,334 - ResourceManager : unable to find resource 'serviceImpl.vm' in any resource loader.
2017-11-29 09:55:03,334 - ResourceManager : unable to find resource 'serviceImpl.vm' in any resource loader.
2017-11-29 09:55:03,334 - ResourceManager : unable to find resource 'serviceImpl.vm' in any resource loader.
2017-11-29 09:55:03,334 - ResourceManager : unable to find resource 'serviceImpl.vm' in any resource loader.
2017-11-29 09:55:03,350 - ResourceManager : unable to find resource 'action.vm' in any resource loader.
2017-11-29 09:55:03,350 - ResourceManager : unable to find resource 'action.vm' in any resource loader.
2017-11-29 09:55:03,350 - ResourceManager : unable to find resource 'action.vm' in any resource loader.
2017-11-29 09:56:02,295 - ResourceManager : unable to find resource 'domain.vm' in any resource loader.
2017-11-29 09:56:02,295 - ResourceManager : unable to find resource 'domain.vm' in any resource loader.
2017-11-29 09:56:02,306 - ResourceManager : unable to find resource 'mapXml.vm' in any resource loader.
2017-11-29 09:56:02,306 - ResourceManager : unable to find resource 'mapXml.vm' in any resource loader.
2017-11-29 09:56:02,306 - ResourceManager : unable to find resource 'mapXml.vm' in any resource loader.
2017-11-29 09:56:02,320 - ResourceManager : unable to find resource 'daoImpl.vm' in any resource loader.
2017-11-29 09:56:02,320 - ResourceManager : unable to find resource 'daoImpl.vm' in any resource loader.
2017-11-29 09:56:02,320 - ResourceManager : unable to find resource 'daoImpl.vm' in any resource loader.
2017-11-29 09:56:02,320 - ResourceManager : unable to find resource 'daoImpl.vm' in any resource loader.
2017-11-29 09:56:02,352 - ResourceManager : unable to find resource 'serviceImpl.vm' in any resource loader.
2017-11-29 09:56:02,352 - ResourceManager : unable to find resource 'serviceImpl.vm' in any resource loader.
2017-11-29 09:56:02,352 - ResourceManager : unable to find resource 'serviceImpl.vm' in any resource loader.
2017-11-29 09:56:02,352 - ResourceManager : unable to find resource 'serviceImpl.vm' in any resource loader.
2017-11-29 09:56:02,352 - ResourceManager : unable to find resource 'serviceImpl.vm' in any resource loader.
2017-11-29 09:56:02,369 - ResourceManager : unable to find resource 'action.vm' in any resource loader.
2017-11-29 09:56:02,369 - ResourceManager : unable to find resource 'action.vm' in any resource loader.
2017-11-29 09:56:02,369 - ResourceManager : unable to find resource 'action.vm' in any resource loader.
2017-11-29 09:56:02,383 - ResourceManager : unable to find resource 'pageIndex.vm' in any resource loader.
2017-11-29 09:56:02,383 - ResourceManager : unable to find resource 'pageIndex.vm' in any resource loader.
2017-11-29 09:56:02,383 - ResourceManager : unable to find resource 'pageIndex.vm' in any resource loader.
2017-11-29 09:56:02,383 - ResourceManager : unable to find resource 'pageIndex.vm' in any resource loader.
2017-11-29 09:56:02,398 - ResourceManager : unable to find resource 'pageAdd.vm' in any resource loader.
2017-11-29 09:56:02,398 - ResourceManager : unable to find resource 'pageAdd.vm' in any resource loader.
2017-11-29 09:56:02,398 - ResourceManager : unable to find resource 'pageAdd.vm' in any resource loader.
2017-11-29 09:56:02,398 - ResourceManager : unable to find resource 'pageAdd.vm' in any resource loader.
2017-11-29 09:56:02,398 - ResourceManager : unable to find resource 'pageAdd.vm' in any resource loader.
2017-11-29 09:56:02,421 - ResourceManager : unable to find resource 'pageDetail.vm' in any resource loader.
2017-11-29 09:56:02,421 - ResourceManager : unable to find resource 'pageDetail.vm' in any resource loader.
2017-11-29 09:56:02,421 - ResourceManager : unable to find resource 'pageDetail.vm' in any resource loader.
2017-11-29 09:56:02,421 - ResourceManager : unable to find resource 'pageDetail.vm' in any resource loader.
2017-11-29 09:56:02,421 - ResourceManager : unable to find resource 'pageDetail.vm' in any resource loader.
2017-11-29 09:58:01,724 - ResourceManager : unable to find resource 'mapXml.vm' in any resource loader.
2017-11-29 09:58:01,724 - ResourceManager : unable to find resource 'mapXml.vm' in any resource loader.
2017-11-29 09:58:01,724 - ResourceManager : unable to find resource 'mapXml.vm' in any resource loader.
2017-11-29 09:58:01,731 - ResourceManager : unable to find resource 'daoImpl.vm' in any resource loader.
2017-11-29 09:58:01,731 - ResourceManager : unable to find resource 'daoImpl.vm' in any resource loader.
2017-11-29 09:58:01,731 - ResourceManager : unable to find resource 'daoImpl.vm' in any resource loader.
2017-11-29 09:58:01,731 - ResourceManager : unable to find resource 'daoImpl.vm' in any resource loader.
2017-11-29 09:58:01,760 - ResourceManager : unable to find resource 'serviceImpl.vm' in any resource loader.
2017-11-29 09:58:01,760 - ResourceManager : unable to find resource 'serviceImpl.vm' in any resource loader.
2017-11-29 09:58:01,770 - ResourceManager : unable to find resource 'action.vm' in any resource loader.
2017-11-29 09:58:01,770 - ResourceManager : unable to find resource 'action.vm' in any resource loader.
2017-11-29 09:58:01,770 - ResourceManager : unable to find resource 'action.vm' in any resource loader.
2017-11-29 09:58:01,780 - ResourceManager : unable to find resource 'pageIndex.vm' in any resource loader.
2017-11-29 09:58:01,780 - ResourceManager : unable to find resource 'pageIndex.vm' in any resource loader.
2017-11-29 09:58:01,780 - ResourceManager : unable to find resource 'pageIndex.vm' in any resource loader.
2017-11-29 09:58:01,780 - ResourceManager : unable to find resource 'pageIndex.vm' in any resource loader.
2017-11-29 09:58:01,790 - ResourceManager : unable to find resource 'pageAdd.vm' in any resource loader.
2017-11-29 09:58:01,790 - ResourceManager : unable to find resource 'pageAdd.vm' in any resource loader.
2017-11-29 09:58:01,790 - ResourceManager : unable to find resource 'pageAdd.vm' in any resource loader.
2017-11-29 09:58:01,790 - ResourceManager : unable to find resource 'pageAdd.vm' in any resource loader.
2017-11-29 09:58:01,790 - ResourceManager : unable to find resource 'pageAdd.vm' in any resource loader.
2017-11-29 09:58:01,806 - ResourceManager : unable to find resource 'pageDetail.vm' in any resource loader.
2017-11-29 09:58:01,806 - ResourceManager : unable to find resource 'pageDetail.vm' in any resource loader.
2017-11-29 09:58:01,806 - ResourceManager : unable to find resource 'pageDetail.vm' in any resource loader.
2017-11-29 09:58:01,806 - ResourceManager : unable to find resource 'pageDetail.vm' in any resource loader.
2017-11-29 09:58:01,806 - ResourceManager : unable to find resource 'pageDetail.vm' in any resource loader.
2017-11-29 10:02:23,026 - ResourceManager : unable to find resource 'configXml.vm' in any resource loader.
2017-11-29 10:02:23,026 - ResourceManager : unable to find resource 'configXml.vm' in any resource loader.
2017-11-29 10:05:51,222 - ResourceManager : unable to find resource 'domain.vm' in any resource loader.
2017-11-29 10:05:51,222 - ResourceManager : unable to find resource 'domain.vm' in any resource loader.
2017-11-29 10:05:51,230 - ResourceManager : unable to find resource 'mapxml.vm' in any resource loader.
2017-11-29 10:05:51,230 - ResourceManager : unable to find resource 'mapxml.vm' in any resource loader.
2017-11-29 10:05:51,230 - ResourceManager : unable to find resource 'mapxml.vm' in any resource loader.
2017-11-29 10:05:51,240 - ResourceManager : unable to find resource 'daoImpl.vm' in any resource loader.
2017-11-29 10:05:51,240 - ResourceManager : unable to find resource 'daoImpl.vm' in any resource loader.
2017-11-29 10:05:51,240 - ResourceManager : unable to find resource 'daoImpl.vm' in any resource loader.
2017-11-29 10:05:51,240 - ResourceManager : unable to find resource 'daoImpl.vm' in any resource loader.
2017-11-29 10:05:51,267 - ResourceManager : unable to find resource 'serviceImpl.vm' in any resource loader.
2017-11-29 10:05:51,267 - ResourceManager : unable to find resource 'serviceImpl.vm' in any resource loader.
2017-11-29 10:05:51,279 - ResourceManager : unable to find resource 'action.vm' in any resource loader.
2017-11-29 10:05:51,279 - ResourceManager : unable to find resource 'action.vm' in any resource loader.
2017-11-29 10:05:51,279 - ResourceManager : unable to find resource 'action.vm' in any resource loader.
2017-11-29 10:05:51,289 - ResourceManager : unable to find resource 'pageIndex.vm' in any resource loader.
2017-11-29 10:05:51,289 - ResourceManager : unable to find resource 'pageIndex.vm' in any resource loader.
2017-11-29 10:05:51,289 - ResourceManager : unable to find resource 'pageIndex.vm' in any resource loader.
2017-11-29 10:05:51,289 - ResourceManager : unable to find resource 'pageIndex.vm' in any resource loader.
2017-11-29 10:05:51,299 - ResourceManager : unable to find resource 'pageAdd.vm' in any resource loader.
2017-11-29 10:05:51,299 - ResourceManager : unable to find resource 'pageAdd.vm' in any resource loader.
2017-11-29 10:05:51,299 - ResourceManager : unable to find resource 'pageAdd.vm' in any resource loader.
2017-11-29 10:05:51,299 - ResourceManager : unable to find resource 'pageAdd.vm' in any resource loader.
2017-11-29 10:05:51,299 - ResourceManager : unable to find resource 'pageAdd.vm' in any resource loader.
2017-11-29 10:05:51,315 - ResourceManager : unable to find resource 'pageDetail.vm' in any resource loader.
2017-11-29 10:05:51,315 - ResourceManager : unable to find resource 'pageDetail.vm' in any resource loader.
2017-11-29 10:05:51,315 - ResourceManager : unable to find resource 'pageDetail.vm' in any resource loader.
2017-11-29 10:05:51,315 - ResourceManager : unable to find resource 'pageDetail.vm' in any resource loader.
2017-11-29 10:05:51,315 - ResourceManager : unable to find resource 'pageDetail.vm' in any resource loader.
2017-11-29 10:05:55,206 - ResourceManager : unable to find resource 'domain.vm' in any resource loader.
2017-11-29 10:05:55,206 - ResourceManager : unable to find resource 'domain.vm' in any resource loader.
2017-11-29 10:05:55,214 - ResourceManager : unable to find resource 'mapxml.vm' in any resource loader.
2017-11-29 10:05:55,214 - ResourceManager : unable to find resource 'mapxml.vm' in any resource loader.
2017-11-29 10:05:55,214 - ResourceManager : unable to find resource 'mapxml.vm' in any resource loader.
2017-11-29 10:05:55,223 - ResourceManager : unable to find resource 'daoImpl.vm' in any resource loader.
2017-11-29 10:05:55,223 - ResourceManager : unable to find resource 'daoImpl.vm' in any resource loader.
2017-11-29 10:05:55,223 - ResourceManager : unable to find resource 'daoImpl.vm' in any resource loader.
2017-11-29 10:05:55,223 - ResourceManager : unable to find resource 'daoImpl.vm' in any resource loader.
2017-11-29 10:05:55,248 - ResourceManager : unable to find resource 'serviceImpl.vm' in any resource loader.
2017-11-29 10:05:55,248 - ResourceManager : unable to find resource 'serviceImpl.vm' in any resource loader.
2017-11-29 10:05:55,248 - ResourceManager : unable to find resource 'serviceImpl.vm' in any resource loader.
2017-11-29 10:05:55,248 - ResourceManager : unable to find resource 'serviceImpl.vm' in any resource loader.
2017-11-29 10:05:55,248 - ResourceManager : unable to find resource 'serviceImpl.vm' in any resource loader.
2017-11-29 10:05:55,260 - ResourceManager : unable to find resource 'action.vm' in any resource loader.
2017-11-29 10:05:55,260 - ResourceManager : unable to find resource 'action.vm' in any resource loader.
2017-11-29 10:05:55,260 - ResourceManager : unable to find resource 'action.vm' in any resource loader.
2017-11-29 10:05:55,270 - ResourceManager : unable to find resource 'pageIndex.vm' in any resource loader.
2017-11-29 10:05:55,270 - ResourceManager : unable to find resource 'pageIndex.vm' in any resource loader.
2017-11-29 10:05:55,270 - ResourceManager : unable to find resource 'pageIndex.vm' in any resource loader.
2017-11-29 10:05:55,270 - ResourceManager : unable to find resource 'pageIndex.vm' in any resource loader.
2017-11-29 10:05:55,280 - ResourceManager : unable to find resource 'pageAdd.vm' in any resource loader.
2017-11-29 10:05:55,280 - ResourceManager : unable to find resource 'pageAdd.vm' in any resource loader.
2017-11-29 10:05:55,280 - ResourceManager : unable to find resource 'pageAdd.vm' in any resource loader.
2017-11-29 10:05:55,280 - ResourceManager : unable to find resource 'pageAdd.vm' in any resource loader.
2017-11-29 10:05:55,280 - ResourceManager : unable to find resource 'pageAdd.vm' in any resource loader.
2017-11-29 10:05:55,296 - ResourceManager : unable to find resource 'pageDetail.vm' in any resource loader.
2017-11-29 10:05:55,296 - ResourceManager : unable to find resource 'pageDetail.vm' in any resource loader.
2017-11-29 10:05:55,296 - ResourceManager : unable to find resource 'pageDetail.vm' in any resource loader.
2017-11-29 10:05:55,296 - ResourceManager : unable to find resource 'pageDetail.vm' in any resource loader.
2017-11-29 10:05:55,296 - ResourceManager : unable to find resource 'pageDetail.vm' in any resource loader.
